C:\USERS\ADMINISTRATOR\DESKTOP\实验七\EX1\DEBUG\MAIN.OBJ
C:\USERS\ADMINISTRATOR\DESKTOP\实验七\EX1\DEBUG\VC110.PDB
C:\USERS\ADMINISTRATOR\DESKTOP\实验七\EX1\DEBUG\EX1.ILK
C:\USERS\ADMINISTRATOR\DESKTOP\实验七\EX1\DEBUG\EX1.EXE
C:\USERS\ADMINISTRATOR\DESKTOP\实验七\EX1\DEBUG\EX1.PDB
C:\Users\Administrator\Desktop\实验七\ex1\Debug\ex1.ilk
C:\Users\Administrator\Desktop\实验七\ex1\Debug\cl.command.1.tlog
C:\Users\Administrator\Desktop\实验七\ex1\Debug\CL.read.1.tlog
C:\Users\Administrator\Desktop\实验七\ex1\Debug\CL.write.1.tlog
C:\Users\Administrator\Desktop\实验七\ex1\Debug\link-cvtres.read.1.tlog
C:\Users\Administrator\Desktop\实验七\ex1\Debug\link-cvtres.write.1.tlog
C:\Users\Administrator\Desktop\实验七\ex1\Debug\link-rc.read.1.tlog
C:\Users\Administrator\Desktop\实验七\ex1\Debug\link-rc.write.1.tlog
C:\Users\Administrator\Desktop\实验七\ex1\Debug\link.command.1.tlog
C:\Users\Administrator\Desktop\实验七\ex1\Debug\link.read.1.tlog
C:\Users\Administrator\Desktop\实验七\ex1\Debug\link.write.1.tlog
C:\Users\Administrator\Desktop\实验七\ex1\Debug\vc110.idb
C:\Users\Administrator\Desktop\实验七\ex1\Debug\ex1.pdb
C:\Users\Administrator\Desktop\实验七\ex1\Debug\vc110.pdb
C:\Users\Administrator\Desktop\实验七\ex1\Debug\ex1.exe
