C:\USERS\ADMINISTRATOR\DESKTOP\实验六\哈夫曼编码\哈夫曼编码\DEBUG\HAFFMANTREE.OBJ
C:\USERS\ADMINISTRATOR\DESKTOP\实验六\哈夫曼编码\哈夫曼编码\DEBUG\VC110.PDB
C:\USERS\ADMINISTRATOR\DESKTOP\实验六\哈夫曼编码\哈夫曼编码\DEBUG\哈夫曼编码.ILK
C:\USERS\ADMINISTRATOR\DESKTOP\实验六\哈夫曼编码\哈夫曼编码\DEBUG\哈夫曼编码.EXE
C:\USERS\ADMINISTRATOR\DESKTOP\实验六\哈夫曼编码\哈夫曼编码\DEBUG\哈夫曼编码.PDB
C:\Users\Administrator\Desktop\实验六\哈夫曼编码\哈夫曼编码\Debug\哈夫曼编码.ilk
C:\Users\Administrator\Desktop\实验六\哈夫曼编码\哈夫曼编码\Debug\cl.command.1.tlog
C:\Users\Administrator\Desktop\实验六\哈夫曼编码\哈夫曼编码\Debug\CL.read.1.tlog
C:\Users\Administrator\Desktop\实验六\哈夫曼编码\哈夫曼编码\Debug\CL.write.1.tlog
C:\Users\Administrator\Desktop\实验六\哈夫曼编码\哈夫曼编码\Debug\link-cvtres.read.1.tlog
C:\Users\Administrator\Desktop\实验六\哈夫曼编码\哈夫曼编码\Debug\link-cvtres.write.1.tlog
C:\Users\Administrator\Desktop\实验六\哈夫曼编码\哈夫曼编码\Debug\link-rc.read.1.tlog
C:\Users\Administrator\Desktop\实验六\哈夫曼编码\哈夫曼编码\Debug\link-rc.write.1.tlog
C:\Users\Administrator\Desktop\实验六\哈夫曼编码\哈夫曼编码\Debug\link.command.1.tlog
C:\Users\Administrator\Desktop\实验六\哈夫曼编码\哈夫曼编码\Debug\link.read.1.tlog
C:\Users\Administrator\Desktop\实验六\哈夫曼编码\哈夫曼编码\Debug\link.write.1.tlog
C:\Users\Administrator\Desktop\实验六\哈夫曼编码\哈夫曼编码\Debug\vc110.idb
C:\Users\Administrator\Desktop\实验六\哈夫曼编码\哈夫曼编码\Debug\vc110.pdb
C:\Users\Administrator\Desktop\实验六\哈夫曼编码\哈夫曼编码\Debug\哈夫曼编码.pdb
C:\Users\Administrator\Desktop\实验六\哈夫曼编码\哈夫曼编码\Debug\哈夫曼编码.exe
