生成启动时间为 2015/9/23 16:09:05。
     1>项目“C:\Users\Administrator\Desktop\数据结构第2次作业\数据结构第2次作业.vcxproj”在节点 2 上(Rebuild 个目标)。
     1>ClCompile:
         D:\Program Files (x86)\Microsoft Visual Studio 11.0\VC\bin\CL.exe /c /ZI /nologo /W3 /WX- /Od /Oy- /D WIN32 /D _DEBUG /D _CONSOLE /D _UNICODE /D UNICODE /Gm /EHsc /RTC1 /MDd /GS /fp:precise /Zc:wchar_t /Zc:forScope /Fo"Debug\\" /Fd"Debug\vc110.pdb" /Gd /TP /analyze- /errorReport:prompt SeqList_Combine.cpp
         SeqList_Combine.cpp
     1>c:\users\administrator\desktop\数据结构第2次作业\seqlist_combine.cpp(108): error C2064: 项不会计算为接受 0 个参数的函数
                 c:\users\administrator\desktop\数据结构第2次作业\seqlist_combine.cpp(106): 编译类 模板 成员函数“SeqList<DataType> SeqList<DataType>::operator +(SeqList<DataType> &)”时
                 with
                 [
                     DataType=int
                 ]
                 c:\users\administrator\desktop\数据结构第2次作业\seqlist_combine.cpp(134): 参见对正在编译的函数 模板 实例化“SeqList<DataType> SeqList<DataType>::operator +(SeqList<DataType> &)”的引用
                 with
                 [
                     DataType=int
                 ]
                 c:\users\administrator\desktop\数据结构第2次作业\seqlist_combine.cpp(126): 参见对正在编译的类 模板 实例化“SeqList<DataType>”的引用
                 with
                 [
                     DataType=int
                 ]
     1>已完成生成项目“C:\Users\Administrator\Desktop\数据结构第2次作业\数据结构第2次作业.vcxproj”(Rebuild 个目标)的操作 - 失败。

生成失败。

已用时间 00:00:00.43
